01:57:16.458 [main] INFO  d.s.c.ls.C4LanguageServerLauncher - Starting ProcessIO Connection
01:57:16.461 [main] INFO  d.s.c.ls.C4LanguageServerLauncher - Launching C4LanguageServer started
01:57:16.897 [main] INFO  d.s.c.ls.service.C4LanguageServer - getTextDocumentService
01:57:17.032 [main] INFO  d.s.c.ls.service.C4LanguageServer - getTextDocumentService
01:57:17.036 [main] INFO  d.s.c.ls.service.C4LanguageServer - getWorkspaceService
01:57:17.059 [main] INFO  d.s.c.ls.service.C4LanguageServer - connect
01:57:17.150 [pool-1-thread-1] INFO  d.s.c.ls.service.C4LanguageServer - initialize
01:57:17.540 [pool-1-thread-1] INFO  d.s.c.l.s.C4TextDocumentService - didOpen file:///c%3A/Users/Artemizer/Desktop/2%20%D1%81%D0%B5%D0%BC.%20%D0%9F%D1%80%D0%BE%D0%B3.%20%D0%B8%D0%BD%D0%B6/%D0%9B%D0%B0%D0%B1%D0%B02/lab_02/workspace.dsl
01:57:17.541 [ForkJoinPool.commonPool-worker-1] INFO  d.s.c.l.s.C4TextDocumentService - --> getDiagnostics 0
01:57:17.601 [pool-1-thread-1] INFO  d.s.c.l.s.C4TextDocumentService - documentColor
01:57:17.603 [ForkJoinPool.commonPool-worker-2] INFO  d.s.c.l.s.C4TextDocumentService - --> getDocument
01:57:17.674 [ForkJoinPool.commonPool-worker-1] DEBUG d.s.c.ls.model.C4DocumentManager - createModel c:\Users\Artemizer\Desktop\2 сем. Прог. инж\Лаба2\lab_02\workspace.dsl
01:57:17.678 [ForkJoinPool.commonPool-worker-1] DEBUG d.s.c.ls.model.C4DocumentManager - Parsing...
01:57:17.714 [ForkJoinPool.commonPool-worker-1] DEBUG d.s.c.ls.model.C4DocumentManager - onStartContext: workspace.dsl at linenumber 1, contextId: 1388710179, contextName WorkspaceDslContext
01:57:17.714 [ForkJoinPool.commonPool-worker-1] DEBUG d.s.c.ls.model.C4DocumentManager - getModel file: c:\Users\Artemizer\Desktop\2 сем. Прог. инж\Лаба2\lab_02\workspace.dsl
01:57:17.718 [ForkJoinPool.commonPool-worker-1] DEBUG d.s.c.ls.model.C4DocumentManager - onStartContext: workspace.dsl at linenumber 5, contextId: 979223169, contextName ModelDslContext
01:57:17.718 [ForkJoinPool.commonPool-worker-1] DEBUG d.s.c.ls.model.C4DocumentManager - getModel file: c:\Users\Artemizer\Desktop\2 сем. Прог. инж\Лаба2\lab_02\workspace.dsl
01:57:17.721 [ForkJoinPool.commonPool-worker-1] DEBUG d.s.c.ls.model.C4DocumentManager - onParsedModelElement identifier: client, modelId: 1 at linenumber: workspace.dsl, 6
01:57:17.721 [ForkJoinPool.commonPool-worker-1] DEBUG d.s.c.ls.model.C4DocumentManager - getModel file: c:\Users\Artemizer\Desktop\2 сем. Прог. инж\Лаба2\lab_02\workspace.dsl
01:57:17.726 [ForkJoinPool.commonPool-worker-1] DEBUG d.s.c.ls.model.C4DocumentManager - onParsedModelElement identifier: marketplace, modelId: 2 at linenumber: workspace.dsl, 8
01:57:17.727 [ForkJoinPool.commonPool-worker-1] DEBUG d.s.c.ls.model.C4DocumentManager - getModel file: c:\Users\Artemizer\Desktop\2 сем. Прог. инж\Лаба2\lab_02\workspace.dsl
01:57:17.727 [ForkJoinPool.commonPool-worker-1] DEBUG d.s.c.ls.model.C4DocumentManager - onStartContext: workspace.dsl at linenumber 8, contextId: 1935830369, contextName SoftwareSystemDslContext
01:57:17.727 [ForkJoinPool.commonPool-worker-1] DEBUG d.s.c.ls.model.C4DocumentManager - getModel file: c:\Users\Artemizer\Desktop\2 сем. Прог. инж\Лаба2\lab_02\workspace.dsl
01:57:17.730 [ForkJoinPool.commonPool-worker-1] DEBUG d.s.c.ls.model.C4DocumentManager - onParsedModelElement identifier: users, modelId: 3 at linenumber: workspace.dsl, 10
01:57:17.730 [ForkJoinPool.commonPool-worker-1] DEBUG d.s.c.ls.model.C4DocumentManager - getModel file: c:\Users\Artemizer\Desktop\2 сем. Прог. инж\Лаба2\lab_02\workspace.dsl
01:57:17.730 [ForkJoinPool.commonPool-worker-1] DEBUG d.s.c.ls.model.C4DocumentManager - onStartContext: workspace.dsl at linenumber 10, contextId: 588373662, contextName ContainerDslContext
01:57:17.731 [ForkJoinPool.commonPool-worker-1] DEBUG d.s.c.ls.model.C4DocumentManager - getModel file: c:\Users\Artemizer\Desktop\2 сем. Прог. инж\Лаба2\lab_02\workspace.dsl
01:57:17.741 [ForkJoinPool.commonPool-worker-1] DEBUG d.s.c.ls.model.C4DocumentManager - onEndContext: workspace.dsl at linenumber 12, contextId: 588373662, contextName ContainerDslContext
01:57:17.741 [ForkJoinPool.commonPool-worker-1] DEBUG d.s.c.ls.model.C4DocumentManager - getModel file: c:\Users\Artemizer\Desktop\2 сем. Прог. инж\Лаба2\lab_02\workspace.dsl
01:57:17.747 [ForkJoinPool.commonPool-worker-1] DEBUG d.s.c.ls.model.C4DocumentManager - onParsedModelElement identifier: products, modelId: 4 at linenumber: workspace.dsl, 14
01:57:17.747 [ForkJoinPool.commonPool-worker-1] DEBUG d.s.c.ls.model.C4DocumentManager - getModel file: c:\Users\Artemizer\Desktop\2 сем. Прог. инж\Лаба2\lab_02\workspace.dsl
01:57:17.748 [ForkJoinPool.commonPool-worker-1] DEBUG d.s.c.ls.model.C4DocumentManager - onStartContext: workspace.dsl at linenumber 14, contextId: 367198275, contextName ContainerDslContext
01:57:17.748 [ForkJoinPool.commonPool-worker-1] DEBUG d.s.c.ls.model.C4DocumentManager - getModel file: c:\Users\Artemizer\Desktop\2 сем. Прог. инж\Лаба2\lab_02\workspace.dsl
01:57:17.748 [ForkJoinPool.commonPool-worker-1] DEBUG d.s.c.ls.model.C4DocumentManager - onEndContext: workspace.dsl at linenumber 16, contextId: 367198275, contextName ContainerDslContext
01:57:17.749 [ForkJoinPool.commonPool-worker-1] DEBUG d.s.c.ls.model.C4DocumentManager - getModel file: c:\Users\Artemizer\Desktop\2 сем. Прог. инж\Лаба2\lab_02\workspace.dsl
01:57:17.749 [ForkJoinPool.commonPool-worker-1] DEBUG d.s.c.ls.model.C4DocumentManager - onParsedModelElement identifier: backets, modelId: 5 at linenumber: workspace.dsl, 18
01:57:17.750 [ForkJoinPool.commonPool-worker-1] DEBUG d.s.c.ls.model.C4DocumentManager - getModel file: c:\Users\Artemizer\Desktop\2 сем. Прог. инж\Лаба2\lab_02\workspace.dsl
01:57:17.750 [ForkJoinPool.commonPool-worker-1] DEBUG d.s.c.ls.model.C4DocumentManager - onStartContext: workspace.dsl at linenumber 18, contextId: 457599055, contextName ContainerDslContext
01:57:17.750 [ForkJoinPool.commonPool-worker-1] DEBUG d.s.c.ls.model.C4DocumentManager - getModel file: c:\Users\Artemizer\Desktop\2 сем. Прог. инж\Лаба2\lab_02\workspace.dsl
01:57:17.751 [ForkJoinPool.commonPool-worker-1] DEBUG d.s.c.ls.model.C4DocumentManager - onEndContext: workspace.dsl at linenumber 20, contextId: 457599055, contextName ContainerDslContext
01:57:17.751 [ForkJoinPool.commonPool-worker-1] DEBUG d.s.c.ls.model.C4DocumentManager - getModel file: c:\Users\Artemizer\Desktop\2 сем. Прог. инж\Лаба2\lab_02\workspace.dsl
01:57:17.752 [ForkJoinPool.commonPool-worker-1] DEBUG d.s.c.ls.model.C4DocumentManager - onParsedModelElement identifier: db, modelId: 6 at linenumber: workspace.dsl, 22
01:57:17.753 [ForkJoinPool.commonPool-worker-1] DEBUG d.s.c.ls.model.C4DocumentManager - getModel file: c:\Users\Artemizer\Desktop\2 сем. Прог. инж\Лаба2\lab_02\workspace.dsl
01:57:17.753 [ForkJoinPool.commonPool-worker-1] DEBUG d.s.c.ls.model.C4DocumentManager - onStartContext: workspace.dsl at linenumber 22, contextId: 1140089998, contextName ContainerDslContext
01:57:17.753 [ForkJoinPool.commonPool-worker-1] DEBUG d.s.c.ls.model.C4DocumentManager - getModel file: c:\Users\Artemizer\Desktop\2 сем. Прог. инж\Лаба2\lab_02\workspace.dsl
01:57:17.756 [ForkJoinPool.commonPool-worker-1] DEBUG d.s.c.ls.model.C4DocumentManager - onParsedModelElement identifier: users, modelId: 7 at linenumber: workspace.dsl, 25
01:57:17.756 [ForkJoinPool.commonPool-worker-1] DEBUG d.s.c.ls.model.C4DocumentManager - getModel file: c:\Users\Artemizer\Desktop\2 сем. Прог. инж\Лаба2\lab_02\workspace.dsl
01:57:17.757 [ForkJoinPool.commonPool-worker-1] DEBUG d.s.c.ls.model.C4DocumentManager - onParsedModelElement identifier: products, modelId: 8 at linenumber: workspace.dsl, 26
01:57:17.758 [ForkJoinPool.commonPool-worker-1] DEBUG d.s.c.ls.model.C4DocumentManager - getModel file: c:\Users\Artemizer\Desktop\2 сем. Прог. инж\Лаба2\lab_02\workspace.dsl
01:57:17.758 [ForkJoinPool.commonPool-worker-1] DEBUG d.s.c.ls.model.C4DocumentManager - onParsedModelElement identifier: backets, modelId: 9 at linenumber: workspace.dsl, 28
01:57:17.759 [ForkJoinPool.commonPool-worker-1] DEBUG d.s.c.ls.model.C4DocumentManager - getModel file: c:\Users\Artemizer\Desktop\2 сем. Прог. инж\Лаба2\lab_02\workspace.dsl
01:57:17.759 [ForkJoinPool.commonPool-worker-1] DEBUG d.s.c.ls.model.C4DocumentManager - onEndContext: workspace.dsl at linenumber 29, contextId: 1140089998, contextName ContainerDslContext
01:57:17.759 [ForkJoinPool.commonPool-worker-1] DEBUG d.s.c.ls.model.C4DocumentManager - getModel file: c:\Users\Artemizer\Desktop\2 сем. Прог. инж\Лаба2\lab_02\workspace.dsl
01:57:17.760 [ForkJoinPool.commonPool-worker-1] DEBUG d.s.c.ls.model.C4DocumentManager - onEndContext: workspace.dsl at linenumber 31, contextId: 1935830369, contextName SoftwareSystemDslContext
01:57:17.760 [ForkJoinPool.commonPool-worker-1] DEBUG d.s.c.ls.model.C4DocumentManager - getModel file: c:\Users\Artemizer\Desktop\2 сем. Прог. инж\Лаба2\lab_02\workspace.dsl
01:57:17.764 [ForkJoinPool.commonPool-worker-1] DEBUG d.s.c.ls.model.C4DocumentManager - onParsedRelationShip 1->3, identifier: null, at linenumber: workspace.dsl, 34
01:57:17.765 [ForkJoinPool.commonPool-worker-1] DEBUG d.s.c.ls.model.C4DocumentManager - getModel file: c:\Users\Artemizer\Desktop\2 сем. Прог. инж\Лаба2\lab_02\workspace.dsl
01:57:17.842 [pool-1-thread-1] INFO  d.s.c.l.s.C4TextDocumentService - codeLens
01:57:17.843 [ForkJoinPool.commonPool-worker-3] INFO  d.s.c.l.s.C4TextDocumentService - --> getDocument
01:57:17.867 [ForkJoinPool.commonPool-worker-1] DEBUG d.s.c.ls.model.C4DocumentManager - onParsedRelationShip 1->4, identifier: null, at linenumber: workspace.dsl, 35
01:57:17.867 [ForkJoinPool.commonPool-worker-1] DEBUG d.s.c.ls.model.C4DocumentManager - getModel file: c:\Users\Artemizer\Desktop\2 сем. Прог. инж\Лаба2\lab_02\workspace.dsl
01:57:17.867 [ForkJoinPool.commonPool-worker-1] DEBUG d.s.c.ls.model.C4DocumentManager - onParsedRelationShip 1->4, identifier: null, at linenumber: workspace.dsl, 36
01:57:17.868 [ForkJoinPool.commonPool-worker-1] DEBUG d.s.c.ls.model.C4DocumentManager - getModel file: c:\Users\Artemizer\Desktop\2 сем. Прог. инж\Лаба2\lab_02\workspace.dsl
01:57:17.870 [ForkJoinPool.commonPool-worker-1] DEBUG d.s.c.ls.model.C4DocumentManager - onParsedRelationShip 1->5, identifier: null, at linenumber: workspace.dsl, 37
01:57:17.871 [ForkJoinPool.commonPool-worker-1] DEBUG d.s.c.ls.model.C4DocumentManager - getModel file: c:\Users\Artemizer\Desktop\2 сем. Прог. инж\Лаба2\lab_02\workspace.dsl
01:57:17.871 [ForkJoinPool.commonPool-worker-1] DEBUG d.s.c.ls.model.C4DocumentManager - onParsedRelationShip 1->5, identifier: null, at linenumber: workspace.dsl, 38
01:57:17.872 [ForkJoinPool.commonPool-worker-1] DEBUG d.s.c.ls.model.C4DocumentManager - getModel file: c:\Users\Artemizer\Desktop\2 сем. Прог. инж\Лаба2\lab_02\workspace.dsl
01:57:17.873 [ForkJoinPool.commonPool-worker-1] DEBUG d.s.c.ls.model.C4DocumentManager - onParsedRelationShip 3->7, identifier: null, at linenumber: workspace.dsl, 41
01:57:17.873 [ForkJoinPool.commonPool-worker-1] DEBUG d.s.c.ls.model.C4DocumentManager - getModel file: c:\Users\Artemizer\Desktop\2 сем. Прог. инж\Лаба2\lab_02\workspace.dsl
01:57:17.873 [ForkJoinPool.commonPool-worker-1] DEBUG d.s.c.ls.model.C4DocumentManager - onParsedRelationShip 3->7, identifier: null, at linenumber: workspace.dsl, 42
01:57:17.873 [ForkJoinPool.commonPool-worker-1] DEBUG d.s.c.ls.model.C4DocumentManager - getModel file: c:\Users\Artemizer\Desktop\2 сем. Прог. инж\Лаба2\lab_02\workspace.dsl
01:57:17.875 [ForkJoinPool.commonPool-worker-1] DEBUG d.s.c.ls.model.C4DocumentManager - onParsedRelationShip 3->7, identifier: null, at linenumber: workspace.dsl, 43
01:57:17.875 [ForkJoinPool.commonPool-worker-1] DEBUG d.s.c.ls.model.C4DocumentManager - getModel file: c:\Users\Artemizer\Desktop\2 сем. Прог. инж\Лаба2\lab_02\workspace.dsl
01:57:17.875 [ForkJoinPool.commonPool-worker-1] DEBUG d.s.c.ls.model.C4DocumentManager - onParsedRelationShip 4->8, identifier: null, at linenumber: workspace.dsl, 44
01:57:17.876 [ForkJoinPool.commonPool-worker-1] DEBUG d.s.c.ls.model.C4DocumentManager - getModel file: c:\Users\Artemizer\Desktop\2 сем. Прог. инж\Лаба2\lab_02\workspace.dsl
01:57:17.877 [ForkJoinPool.commonPool-worker-1] DEBUG d.s.c.ls.model.C4DocumentManager - onParsedRelationShip 4->8, identifier: null, at linenumber: workspace.dsl, 45
01:57:17.877 [ForkJoinPool.commonPool-worker-1] DEBUG d.s.c.ls.model.C4DocumentManager - getModel file: c:\Users\Artemizer\Desktop\2 сем. Прог. инж\Лаба2\lab_02\workspace.dsl
01:57:17.878 [ForkJoinPool.commonPool-worker-1] DEBUG d.s.c.ls.model.C4DocumentManager - onParsedRelationShip 5->9, identifier: null, at linenumber: workspace.dsl, 46
01:57:17.879 [ForkJoinPool.commonPool-worker-1] DEBUG d.s.c.ls.model.C4DocumentManager - getModel file: c:\Users\Artemizer\Desktop\2 сем. Прог. инж\Лаба2\lab_02\workspace.dsl
01:57:17.880 [ForkJoinPool.commonPool-worker-1] DEBUG d.s.c.ls.model.C4DocumentManager - onParsedRelationShip 5->9, identifier: null, at linenumber: workspace.dsl, 47
01:57:17.880 [ForkJoinPool.commonPool-worker-1] DEBUG d.s.c.ls.model.C4DocumentManager - getModel file: c:\Users\Artemizer\Desktop\2 сем. Прог. инж\Лаба2\lab_02\workspace.dsl
01:57:17.881 [ForkJoinPool.commonPool-worker-1] DEBUG d.s.c.ls.model.C4DocumentManager - onEndContext: workspace.dsl at linenumber 50, contextId: 979223169, contextName ModelDslContext
01:57:17.881 [ForkJoinPool.commonPool-worker-1] DEBUG d.s.c.ls.model.C4DocumentManager - getModel file: c:\Users\Artemizer\Desktop\2 сем. Прог. инж\Лаба2\lab_02\workspace.dsl
01:57:17.882 [ForkJoinPool.commonPool-worker-1] DEBUG d.s.c.ls.model.C4DocumentManager - onStartContext: workspace.dsl at linenumber 52, contextId: 822096650, contextName ViewsDslContext
01:57:17.882 [ForkJoinPool.commonPool-worker-1] DEBUG d.s.c.ls.model.C4DocumentManager - getModel file: c:\Users\Artemizer\Desktop\2 сем. Прог. инж\Лаба2\lab_02\workspace.dsl
01:57:17.903 [ForkJoinPool.commonPool-worker-1] DEBUG d.s.c.ls.model.C4DocumentManager - onParsedView View: context at linenumber workspace.dsl, 55
01:57:17.903 [ForkJoinPool.commonPool-worker-1] DEBUG d.s.c.ls.model.C4DocumentManager - getModel file: c:\Users\Artemizer\Desktop\2 сем. Прог. инж\Лаба2\lab_02\workspace.dsl
01:57:17.904 [ForkJoinPool.commonPool-worker-1] DEBUG d.s.c.ls.model.C4DocumentManager - onStartContext: workspace.dsl at linenumber 55, contextId: 927245120, contextName SystemContextViewDslContext
01:57:17.904 [ForkJoinPool.commonPool-worker-1] DEBUG d.s.c.ls.model.C4DocumentManager - getModel file: c:\Users\Artemizer\Desktop\2 сем. Прог. инж\Лаба2\lab_02\workspace.dsl
01:57:17.918 [ForkJoinPool.commonPool-worker-1] DEBUG d.s.c.ls.model.C4DocumentManager - onEndContext: workspace.dsl at linenumber 58, contextId: 927245120, contextName SystemContextViewDslContext
01:57:17.918 [ForkJoinPool.commonPool-worker-1] DEBUG d.s.c.ls.model.C4DocumentManager - getModel file: c:\Users\Artemizer\Desktop\2 сем. Прог. инж\Лаба2\lab_02\workspace.dsl
01:57:17.924 [ForkJoinPool.commonPool-worker-1] DEBUG d.s.c.ls.model.C4DocumentManager - onParsedView View: c2 at linenumber workspace.dsl, 60
01:57:17.925 [ForkJoinPool.commonPool-worker-1] DEBUG d.s.c.ls.model.C4DocumentManager - getModel file: c:\Users\Artemizer\Desktop\2 сем. Прог. инж\Лаба2\lab_02\workspace.dsl
01:57:17.928 [ForkJoinPool.commonPool-worker-1] DEBUG d.s.c.ls.model.C4DocumentManager - onStartContext: workspace.dsl at linenumber 60, contextId: 1061637468, contextName ContainerViewDslContext
01:57:17.929 [ForkJoinPool.commonPool-worker-1] DEBUG d.s.c.ls.model.C4DocumentManager - getModel file: c:\Users\Artemizer\Desktop\2 сем. Прог. инж\Лаба2\lab_02\workspace.dsl
01:57:17.936 [ForkJoinPool.commonPool-worker-1] DEBUG d.s.c.ls.model.C4DocumentManager - onEndContext: workspace.dsl at linenumber 63, contextId: 1061637468, contextName ContainerViewDslContext
01:57:17.937 [ForkJoinPool.commonPool-worker-1] DEBUG d.s.c.ls.model.C4DocumentManager - getModel file: c:\Users\Artemizer\Desktop\2 сем. Прог. инж\Лаба2\lab_02\workspace.dsl
01:57:17.939 [ForkJoinPool.commonPool-worker-1] DEBUG d.s.c.ls.model.C4DocumentManager - onParsedView View: c3 at linenumber workspace.dsl, 65
01:57:17.939 [ForkJoinPool.commonPool-worker-1] DEBUG d.s.c.ls.model.C4DocumentManager - getModel file: c:\Users\Artemizer\Desktop\2 сем. Прог. инж\Лаба2\lab_02\workspace.dsl
01:57:17.940 [ForkJoinPool.commonPool-worker-1] DEBUG d.s.c.ls.model.C4DocumentManager - onStartContext: workspace.dsl at linenumber 65, contextId: 2055383799, contextName ComponentViewDslContext
01:57:17.940 [ForkJoinPool.commonPool-worker-1] DEBUG d.s.c.ls.model.C4DocumentManager - getModel file: c:\Users\Artemizer\Desktop\2 сем. Прог. инж\Лаба2\lab_02\workspace.dsl
01:57:17.944 [ForkJoinPool.commonPool-worker-1] DEBUG d.s.c.ls.model.C4DocumentManager - onEndContext: workspace.dsl at linenumber 68, contextId: 2055383799, contextName ComponentViewDslContext
01:57:17.944 [ForkJoinPool.commonPool-worker-1] DEBUG d.s.c.ls.model.C4DocumentManager - getModel file: c:\Users\Artemizer\Desktop\2 сем. Прог. инж\Лаба2\lab_02\workspace.dsl
01:57:17.948 [ForkJoinPool.commonPool-worker-1] DEBUG d.s.c.ls.model.C4DocumentManager - onParsedView View: SampleOfWorking at linenumber workspace.dsl, 70
01:57:17.948 [ForkJoinPool.commonPool-worker-1] DEBUG d.s.c.ls.model.C4DocumentManager - getModel file: c:\Users\Artemizer\Desktop\2 сем. Прог. инж\Лаба2\lab_02\workspace.dsl
01:57:17.948 [ForkJoinPool.commonPool-worker-1] DEBUG d.s.c.ls.model.C4DocumentManager - onStartContext: workspace.dsl at linenumber 70, contextId: 1862530950, contextName DynamicViewDslContext
01:57:17.948 [ForkJoinPool.commonPool-worker-1] DEBUG d.s.c.ls.model.C4DocumentManager - getModel file: c:\Users\Artemizer\Desktop\2 сем. Прог. инж\Лаба2\lab_02\workspace.dsl
01:57:17.952 [ForkJoinPool.commonPool-worker-1] DEBUG d.s.c.ls.model.C4DocumentManager - onEndContext: workspace.dsl at linenumber 74, contextId: 1862530950, contextName DynamicViewDslContext
01:57:17.952 [ForkJoinPool.commonPool-worker-1] DEBUG d.s.c.ls.model.C4DocumentManager - getModel file: c:\Users\Artemizer\Desktop\2 сем. Прог. инж\Лаба2\lab_02\workspace.dsl
01:57:17.952 [ForkJoinPool.commonPool-worker-1] DEBUG d.s.c.ls.model.C4DocumentManager - onEndContext: workspace.dsl at linenumber 75, contextId: 822096650, contextName ViewsDslContext
01:57:17.952 [ForkJoinPool.commonPool-worker-1] DEBUG d.s.c.ls.model.C4DocumentManager - getModel file: c:\Users\Artemizer\Desktop\2 сем. Прог. инж\Лаба2\lab_02\workspace.dsl
01:57:17.952 [ForkJoinPool.commonPool-worker-1] DEBUG d.s.c.ls.model.C4DocumentManager - onEndContext: workspace.dsl at linenumber 76, contextId: 1388710179, contextName WorkspaceDslContext
01:57:17.953 [ForkJoinPool.commonPool-worker-1] DEBUG d.s.c.ls.model.C4DocumentManager - getModel file: c:\Users\Artemizer\Desktop\2 сем. Прог. инж\Лаба2\lab_02\workspace.dsl
01:57:17.953 [ForkJoinPool.commonPool-worker-1] DEBUG d.s.c.ls.model.C4DocumentManager - Parsing finished
01:57:17.954 [ForkJoinPool.commonPool-worker-1] DEBUG d.s.c4dsl.ls.model.C4DocumentModel - setWorkspace Artemizer's Marketplace
01:57:17.954 [ForkJoinPool.commonPool-worker-1] DEBUG d.s.c4dsl.ls.model.C4DocumentModel - setValid true
01:57:17.955 [ForkJoinPool.commonPool-worker-1] INFO  d.s.c.l.s.C4TextDocumentService - <-- getDiagnostics
01:57:17.956 [ForkJoinPool.commonPool-worker-2] DEBUG d.s.c.ls.model.C4DocumentManager - getModel file: c:\Users\Artemizer\Desktop\2 сем. Прог. инж\Лаба2\lab_02\workspace.dsl
01:57:17.956 [ForkJoinPool.commonPool-worker-2] INFO  d.s.c.l.s.C4TextDocumentService - <-- getDocument
01:57:17.956 [ForkJoinPool.commonPool-worker-2] DEBUG d.s.c.ls.provider.C4ColorProvider - calcDocumentColors file:/c:/Users/Artemizer/Desktop/2%20сем.%20Прог.%20инж/Лаба2/lab_02/workspace.dsl
01:57:17.956 [ForkJoinPool.commonPool-worker-2] DEBUG d.s.c.ls.provider.C4ColorProvider -                    []
01:57:17.956 [ForkJoinPool.commonPool-worker-3] DEBUG d.s.c.ls.model.C4DocumentManager - getModel file: c:\Users\Artemizer\Desktop\2 сем. Прог. инж\Лаба2\lab_02\workspace.dsl
01:57:17.956 [ForkJoinPool.commonPool-worker-3] INFO  d.s.c.l.s.C4TextDocumentService - <-- getDocument
01:57:18.045 [pool-1-thread-1] INFO  d.s.c.l.s.C4TextDocumentService - semanticTokensFull
01:57:18.047 [ForkJoinPool.commonPool-worker-1] INFO  d.s.c.l.s.C4TextDocumentService - --> getDocument
01:57:18.047 [ForkJoinPool.commonPool-worker-1] DEBUG d.s.c.ls.model.C4DocumentManager - getModel file: c:\Users\Artemizer\Desktop\2 сем. Прог. инж\Лаба2\lab_02\workspace.dsl
01:57:18.048 [ForkJoinPool.commonPool-worker-1] INFO  d.s.c.l.s.C4TextDocumentService - <-- getDocument
01:57:18.067 [ForkJoinPool.commonPool-worker-1] DEBUG d.s.c.l.p.C4SemanticTokenProvider - Semantik Tokens at [33, 8, 6, 14, 0, 0, 22, 5, 14, 0, 1, 8, 6, 14, 0, 0, 22, 8, 14, 0, 1, 8, 6, 14, 0, 0, 22, 8, 14, 0, 1, 8, 6, 14, 0, 0, 22, 7, 14, 0, 1, 8, 6, 14, 0, 0, 22, 7, 14, 0, 3, 20, 5, 14, 0, 0, 0, 5, 14, 0, 1, 20, 5, 14, 0, 0, 0, 5, 14, 0, 1, 20, 5, 14, 0, 0, 0, 5, 14, 0, 1, 20, 8, 14, 0, 0, 0, 8, 14, 0, 1, 20, 8, 14, 0, 0, 0, 8, 14, 0, 1, 20, 7, 14, 0, 0, 0, 7, 14, 0, 1, 20, 7, 14, 0, 0, 0, 7, 14, 0, 8, 22, 11, 14, 0, 5, 18, 11, 14, 0, 5, 30, 2, 14, 0, 5, 16, 11, 14, 0]
01:57:18.336 [pool-1-thread-1] INFO  d.s.c.l.s.C4TextDocumentService - codeLens
01:57:18.336 [ForkJoinPool.commonPool-worker-1] INFO  d.s.c.l.s.C4TextDocumentService - --> getDocument
01:57:18.336 [ForkJoinPool.commonPool-worker-1] DEBUG d.s.c.ls.model.C4DocumentManager - getModel file: c:\Users\Artemizer\Desktop\2 сем. Прог. инж\Лаба2\lab_02\workspace.dsl
01:57:18.337 [ForkJoinPool.commonPool-worker-1] INFO  d.s.c.l.s.C4TextDocumentService - <-- getDocument
01:57:42.689 [ForkJoinPool.commonPool-worker-1] INFO  d.s.c.ls.service.C4WorkspaceService - executeCommand c4-server.text-decorations
01:57:42.690 [ForkJoinPool.commonPool-worker-1] INFO  d.s.c.l.s.C4TextDocumentService - textDecorations
01:57:42.691 [ForkJoinPool.commonPool-worker-1] INFO  d.s.c.l.s.C4TextDocumentService - --> getDocument
01:57:42.692 [ForkJoinPool.commonPool-worker-1] DEBUG d.s.c.ls.model.C4DocumentManager - getModel file: c:\Users\Artemizer\Desktop\2 сем. Прог. инж\Лаба2\lab_02\workspace.dsl
01:57:42.692 [ForkJoinPool.commonPool-worker-1] INFO  d.s.c.l.s.C4TextDocumentService - <-- getDocument
01:57:43.007 [pool-1-thread-1] INFO  d.s.c.l.s.C4TextDocumentService - codeLens
01:57:43.008 [ForkJoinPool.commonPool-worker-1] INFO  d.s.c.l.s.C4TextDocumentService - --> getDocument
01:57:43.008 [ForkJoinPool.commonPool-worker-1] DEBUG d.s.c.ls.model.C4DocumentManager - getModel file: c:\Users\Artemizer\Desktop\2 сем. Прог. инж\Лаба2\lab_02\workspace.dsl
01:57:43.008 [ForkJoinPool.commonPool-worker-1] INFO  d.s.c.l.s.C4TextDocumentService - <-- getDocument
01:57:44.409 [main] INFO  d.s.c.ls.C4LanguageServerLauncher - Launching C4LanguageServer finished
