17:14:55.986 [main] INFO  d.s.c.ls.C4LanguageServerLauncher - Starting ProcessIO Connection
17:14:55.991 [main] INFO  d.s.c.ls.C4LanguageServerLauncher - Launching C4LanguageServer started
17:14:56.837 [main] INFO  d.s.c.ls.service.C4LanguageServer - getTextDocumentService
17:14:57.110 [main] INFO  d.s.c.ls.service.C4LanguageServer - getWorkspaceService
17:14:57.111 [main] INFO  d.s.c.ls.service.C4LanguageServer - getTextDocumentService
17:14:57.146 [main] INFO  d.s.c.ls.service.C4LanguageServer - connect
17:14:57.321 [pool-1-thread-1] INFO  d.s.c.ls.service.C4LanguageServer - initialize
17:14:57.478 [pool-1-thread-1] INFO  d.s.c.l.s.C4TextDocumentService - didOpen file:///c%3A/Users/Artemizer/Desktop/2%20%D1%81%D0%B5%D0%BC.%20%D0%9F%D1%80%D0%BE%D0%B3.%20%D0%B8%D0%BD%D0%B6/%D0%9B%D0%B0%D0%B1%D0%B03/lab_03/workspace.dsl
17:14:57.482 [pool-1-thread-1] INFO  d.s.c.l.s.C4TextDocumentService - documentColor
17:14:57.481 [ForkJoinPool.commonPool-worker-1] INFO  d.s.c.l.s.C4TextDocumentService - --> getDiagnostics 0
17:14:57.490 [ForkJoinPool.commonPool-worker-2] INFO  d.s.c.l.s.C4TextDocumentService - --> getDocument
17:14:57.708 [ForkJoinPool.commonPool-worker-1] DEBUG d.s.c.ls.model.C4DocumentManager - createModel c:\Users\Artemizer\Desktop\2 сем. Прог. инж\Лаба3\lab_03\workspace.dsl
17:14:57.712 [ForkJoinPool.commonPool-worker-1] DEBUG d.s.c.ls.model.C4DocumentManager - Parsing...
17:14:57.759 [ForkJoinPool.commonPool-worker-1] DEBUG d.s.c.ls.model.C4DocumentManager - onStartContext: workspace.dsl at linenumber 1, contextId: 1707829619, contextName WorkspaceDslContext
17:14:57.760 [ForkJoinPool.commonPool-worker-1] DEBUG d.s.c.ls.model.C4DocumentManager - getModel file: c:\Users\Artemizer\Desktop\2 сем. Прог. инж\Лаба3\lab_03\workspace.dsl
17:14:57.765 [ForkJoinPool.commonPool-worker-1] DEBUG d.s.c.ls.model.C4DocumentManager - onStartContext: workspace.dsl at linenumber 5, contextId: 1350879328, contextName ModelDslContext
17:14:57.765 [ForkJoinPool.commonPool-worker-1] DEBUG d.s.c.ls.model.C4DocumentManager - getModel file: c:\Users\Artemizer\Desktop\2 сем. Прог. инж\Лаба3\lab_03\workspace.dsl
17:14:57.769 [ForkJoinPool.commonPool-worker-1] DEBUG d.s.c.ls.model.C4DocumentManager - onParsedModelElement identifier: client, modelId: 1 at linenumber: workspace.dsl, 6
17:14:57.770 [ForkJoinPool.commonPool-worker-1] DEBUG d.s.c.ls.model.C4DocumentManager - getModel file: c:\Users\Artemizer\Desktop\2 сем. Прог. инж\Лаба3\lab_03\workspace.dsl
17:14:57.775 [ForkJoinPool.commonPool-worker-1] DEBUG d.s.c.ls.model.C4DocumentManager - onParsedModelElement identifier: marketplace, modelId: 2 at linenumber: workspace.dsl, 8
17:14:57.775 [ForkJoinPool.commonPool-worker-1] DEBUG d.s.c.ls.model.C4DocumentManager - getModel file: c:\Users\Artemizer\Desktop\2 сем. Прог. инж\Лаба3\lab_03\workspace.dsl
17:14:57.775 [ForkJoinPool.commonPool-worker-1] DEBUG d.s.c.ls.model.C4DocumentManager - onStartContext: workspace.dsl at linenumber 8, contextId: 34213321, contextName SoftwareSystemDslContext
17:14:57.775 [ForkJoinPool.commonPool-worker-1] DEBUG d.s.c.ls.model.C4DocumentManager - getModel file: c:\Users\Artemizer\Desktop\2 сем. Прог. инж\Лаба3\lab_03\workspace.dsl
17:14:57.778 [ForkJoinPool.commonPool-worker-1] DEBUG d.s.c.ls.model.C4DocumentManager - onParsedModelElement identifier: users, modelId: 3 at linenumber: workspace.dsl, 10
17:14:57.778 [ForkJoinPool.commonPool-worker-1] DEBUG d.s.c.ls.model.C4DocumentManager - getModel file: c:\Users\Artemizer\Desktop\2 сем. Прог. инж\Лаба3\lab_03\workspace.dsl
17:14:57.778 [ForkJoinPool.commonPool-worker-1] DEBUG d.s.c.ls.model.C4DocumentManager - onStartContext: workspace.dsl at linenumber 10, contextId: 941697097, contextName ContainerDslContext
17:14:57.778 [ForkJoinPool.commonPool-worker-1] DEBUG d.s.c.ls.model.C4DocumentManager - getModel file: c:\Users\Artemizer\Desktop\2 сем. Прог. инж\Лаба3\lab_03\workspace.dsl
17:14:57.794 [ForkJoinPool.commonPool-worker-1] DEBUG d.s.c.ls.model.C4DocumentManager - onEndContext: workspace.dsl at linenumber 12, contextId: 941697097, contextName ContainerDslContext
17:14:57.794 [ForkJoinPool.commonPool-worker-1] DEBUG d.s.c.ls.model.C4DocumentManager - getModel file: c:\Users\Artemizer\Desktop\2 сем. Прог. инж\Лаба3\lab_03\workspace.dsl
17:14:57.801 [ForkJoinPool.commonPool-worker-1] DEBUG d.s.c.ls.model.C4DocumentManager - onParsedModelElement identifier: products, modelId: 4 at linenumber: workspace.dsl, 14
17:14:57.801 [ForkJoinPool.commonPool-worker-1] DEBUG d.s.c.ls.model.C4DocumentManager - getModel file: c:\Users\Artemizer\Desktop\2 сем. Прог. инж\Лаба3\lab_03\workspace.dsl
17:14:57.801 [ForkJoinPool.commonPool-worker-1] DEBUG d.s.c.ls.model.C4DocumentManager - onStartContext: workspace.dsl at linenumber 14, contextId: 474623909, contextName ContainerDslContext
17:14:57.802 [ForkJoinPool.commonPool-worker-1] DEBUG d.s.c.ls.model.C4DocumentManager - getModel file: c:\Users\Artemizer\Desktop\2 сем. Прог. инж\Лаба3\lab_03\workspace.dsl
17:14:57.802 [ForkJoinPool.commonPool-worker-1] DEBUG d.s.c.ls.model.C4DocumentManager - onEndContext: workspace.dsl at linenumber 16, contextId: 474623909, contextName ContainerDslContext
17:14:57.802 [ForkJoinPool.commonPool-worker-1] DEBUG d.s.c.ls.model.C4DocumentManager - getModel file: c:\Users\Artemizer\Desktop\2 сем. Прог. инж\Лаба3\lab_03\workspace.dsl
17:14:57.804 [ForkJoinPool.commonPool-worker-1] DEBUG d.s.c.ls.model.C4DocumentManager - onParsedModelElement identifier: backets, modelId: 5 at linenumber: workspace.dsl, 18
17:14:57.805 [ForkJoinPool.commonPool-worker-1] DEBUG d.s.c.ls.model.C4DocumentManager - getModel file: c:\Users\Artemizer\Desktop\2 сем. Прог. инж\Лаба3\lab_03\workspace.dsl
17:14:57.805 [ForkJoinPool.commonPool-worker-1] DEBUG d.s.c.ls.model.C4DocumentManager - onStartContext: workspace.dsl at linenumber 18, contextId: 1384718016, contextName ContainerDslContext
17:14:57.805 [ForkJoinPool.commonPool-worker-1] DEBUG d.s.c.ls.model.C4DocumentManager - getModel file: c:\Users\Artemizer\Desktop\2 сем. Прог. инж\Лаба3\lab_03\workspace.dsl
17:14:57.806 [ForkJoinPool.commonPool-worker-1] DEBUG d.s.c.ls.model.C4DocumentManager - onEndContext: workspace.dsl at linenumber 20, contextId: 1384718016, contextName ContainerDslContext
17:14:57.806 [ForkJoinPool.commonPool-worker-1] DEBUG d.s.c.ls.model.C4DocumentManager - getModel file: c:\Users\Artemizer\Desktop\2 сем. Прог. инж\Лаба3\lab_03\workspace.dsl
17:14:57.807 [ForkJoinPool.commonPool-worker-1] DEBUG d.s.c.ls.model.C4DocumentManager - onParsedModelElement identifier: db, modelId: 6 at linenumber: workspace.dsl, 22
17:14:57.808 [ForkJoinPool.commonPool-worker-1] DEBUG d.s.c.ls.model.C4DocumentManager - getModel file: c:\Users\Artemizer\Desktop\2 сем. Прог. инж\Лаба3\lab_03\workspace.dsl
17:14:57.809 [ForkJoinPool.commonPool-worker-1] DEBUG d.s.c.ls.model.C4DocumentManager - onStartContext: workspace.dsl at linenumber 22, contextId: 1808676272, contextName ContainerDslContext
17:14:57.809 [ForkJoinPool.commonPool-worker-1] DEBUG d.s.c.ls.model.C4DocumentManager - getModel file: c:\Users\Artemizer\Desktop\2 сем. Прог. инж\Лаба3\lab_03\workspace.dsl
17:14:57.813 [ForkJoinPool.commonPool-worker-1] DEBUG d.s.c.ls.model.C4DocumentManager - onParsedModelElement identifier: users, modelId: 7 at linenumber: workspace.dsl, 25
17:14:57.813 [ForkJoinPool.commonPool-worker-1] DEBUG d.s.c.ls.model.C4DocumentManager - getModel file: c:\Users\Artemizer\Desktop\2 сем. Прог. инж\Лаба3\lab_03\workspace.dsl
17:14:57.814 [ForkJoinPool.commonPool-worker-1] DEBUG d.s.c.ls.model.C4DocumentManager - onParsedModelElement identifier: products, modelId: 8 at linenumber: workspace.dsl, 26
17:14:57.814 [ForkJoinPool.commonPool-worker-1] DEBUG d.s.c.ls.model.C4DocumentManager - getModel file: c:\Users\Artemizer\Desktop\2 сем. Прог. инж\Лаба3\lab_03\workspace.dsl
17:14:57.814 [ForkJoinPool.commonPool-worker-1] DEBUG d.s.c.ls.model.C4DocumentManager - onParsedModelElement identifier: backets, modelId: 9 at linenumber: workspace.dsl, 28
17:14:57.815 [ForkJoinPool.commonPool-worker-1] DEBUG d.s.c.ls.model.C4DocumentManager - getModel file: c:\Users\Artemizer\Desktop\2 сем. Прог. инж\Лаба3\lab_03\workspace.dsl
17:14:57.815 [ForkJoinPool.commonPool-worker-1] DEBUG d.s.c.ls.model.C4DocumentManager - onEndContext: workspace.dsl at linenumber 29, contextId: 1808676272, contextName ContainerDslContext
17:14:57.815 [ForkJoinPool.commonPool-worker-1] DEBUG d.s.c.ls.model.C4DocumentManager - getModel file: c:\Users\Artemizer\Desktop\2 сем. Прог. инж\Лаба3\lab_03\workspace.dsl
17:14:57.815 [ForkJoinPool.commonPool-worker-1] DEBUG d.s.c.ls.model.C4DocumentManager - onEndContext: workspace.dsl at linenumber 31, contextId: 34213321, contextName SoftwareSystemDslContext
17:14:57.815 [ForkJoinPool.commonPool-worker-1] DEBUG d.s.c.ls.model.C4DocumentManager - getModel file: c:\Users\Artemizer\Desktop\2 сем. Прог. инж\Лаба3\lab_03\workspace.dsl
17:14:57.820 [ForkJoinPool.commonPool-worker-1] DEBUG d.s.c.ls.model.C4DocumentManager - onParsedRelationShip 1->3, identifier: null, at linenumber: workspace.dsl, 34
17:14:57.821 [ForkJoinPool.commonPool-worker-1] DEBUG d.s.c.ls.model.C4DocumentManager - getModel file: c:\Users\Artemizer\Desktop\2 сем. Прог. инж\Лаба3\lab_03\workspace.dsl
17:14:58.050 [pool-1-thread-1] INFO  d.s.c.l.s.C4TextDocumentService - codeLens
17:14:58.052 [ForkJoinPool.commonPool-worker-3] INFO  d.s.c.l.s.C4TextDocumentService - --> getDocument
17:14:58.112 [pool-1-thread-1] INFO  d.s.c.l.s.C4TextDocumentService - semanticTokensFull
17:14:58.116 [ForkJoinPool.commonPool-worker-4] INFO  d.s.c.l.s.C4TextDocumentService - --> getDocument
17:14:58.837 [ForkJoinPool.commonPool-worker-1] DEBUG d.s.c.ls.model.C4DocumentManager - onParsedRelationShip 1->4, identifier: null, at linenumber: workspace.dsl, 35
17:14:58.838 [ForkJoinPool.commonPool-worker-1] DEBUG d.s.c.ls.model.C4DocumentManager - getModel file: c:\Users\Artemizer\Desktop\2 сем. Прог. инж\Лаба3\lab_03\workspace.dsl
17:14:58.841 [ForkJoinPool.commonPool-worker-1] DEBUG d.s.c.ls.model.C4DocumentManager - onParsedRelationShip 1->4, identifier: null, at linenumber: workspace.dsl, 36
17:14:58.843 [ForkJoinPool.commonPool-worker-1] DEBUG d.s.c.ls.model.C4DocumentManager - getModel file: c:\Users\Artemizer\Desktop\2 сем. Прог. инж\Лаба3\lab_03\workspace.dsl
17:14:58.847 [ForkJoinPool.commonPool-worker-1] DEBUG d.s.c.ls.model.C4DocumentManager - onParsedRelationShip 1->5, identifier: null, at linenumber: workspace.dsl, 37
17:14:58.848 [ForkJoinPool.commonPool-worker-1] DEBUG d.s.c.ls.model.C4DocumentManager - getModel file: c:\Users\Artemizer\Desktop\2 сем. Прог. инж\Лаба3\lab_03\workspace.dsl
17:14:58.849 [ForkJoinPool.commonPool-worker-1] DEBUG d.s.c.ls.model.C4DocumentManager - onParsedRelationShip 1->5, identifier: null, at linenumber: workspace.dsl, 38
17:14:58.850 [ForkJoinPool.commonPool-worker-1] DEBUG d.s.c.ls.model.C4DocumentManager - getModel file: c:\Users\Artemizer\Desktop\2 сем. Прог. инж\Лаба3\lab_03\workspace.dsl
17:14:58.850 [ForkJoinPool.commonPool-worker-1] DEBUG d.s.c.ls.model.C4DocumentManager - onParsedRelationShip 3->7, identifier: null, at linenumber: workspace.dsl, 41
17:14:58.850 [ForkJoinPool.commonPool-worker-1] DEBUG d.s.c.ls.model.C4DocumentManager - getModel file: c:\Users\Artemizer\Desktop\2 сем. Прог. инж\Лаба3\lab_03\workspace.dsl
17:14:58.851 [ForkJoinPool.commonPool-worker-1] DEBUG d.s.c.ls.model.C4DocumentManager - onParsedRelationShip 3->7, identifier: null, at linenumber: workspace.dsl, 42
17:14:58.852 [ForkJoinPool.commonPool-worker-1] DEBUG d.s.c.ls.model.C4DocumentManager - getModel file: c:\Users\Artemizer\Desktop\2 сем. Прог. инж\Лаба3\lab_03\workspace.dsl
17:14:58.852 [ForkJoinPool.commonPool-worker-1] DEBUG d.s.c.ls.model.C4DocumentManager - onParsedRelationShip 3->7, identifier: null, at linenumber: workspace.dsl, 43
17:14:58.852 [ForkJoinPool.commonPool-worker-1] DEBUG d.s.c.ls.model.C4DocumentManager - getModel file: c:\Users\Artemizer\Desktop\2 сем. Прог. инж\Лаба3\lab_03\workspace.dsl
17:14:58.853 [ForkJoinPool.commonPool-worker-1] DEBUG d.s.c.ls.model.C4DocumentManager - onParsedRelationShip 4->8, identifier: null, at linenumber: workspace.dsl, 44
17:14:58.853 [ForkJoinPool.commonPool-worker-1] DEBUG d.s.c.ls.model.C4DocumentManager - getModel file: c:\Users\Artemizer\Desktop\2 сем. Прог. инж\Лаба3\lab_03\workspace.dsl
17:14:58.854 [ForkJoinPool.commonPool-worker-1] DEBUG d.s.c.ls.model.C4DocumentManager - onParsedRelationShip 4->8, identifier: null, at linenumber: workspace.dsl, 45
17:14:58.855 [ForkJoinPool.commonPool-worker-1] DEBUG d.s.c.ls.model.C4DocumentManager - getModel file: c:\Users\Artemizer\Desktop\2 сем. Прог. инж\Лаба3\lab_03\workspace.dsl
17:14:58.856 [ForkJoinPool.commonPool-worker-1] DEBUG d.s.c.ls.model.C4DocumentManager - onParsedRelationShip 5->9, identifier: null, at linenumber: workspace.dsl, 46
17:14:58.857 [ForkJoinPool.commonPool-worker-1] DEBUG d.s.c.ls.model.C4DocumentManager - getModel file: c:\Users\Artemizer\Desktop\2 сем. Прог. инж\Лаба3\lab_03\workspace.dsl
17:14:58.865 [ForkJoinPool.commonPool-worker-1] DEBUG d.s.c.ls.model.C4DocumentManager - onParsedRelationShip 5->9, identifier: null, at linenumber: workspace.dsl, 47
17:14:58.865 [ForkJoinPool.commonPool-worker-1] DEBUG d.s.c.ls.model.C4DocumentManager - getModel file: c:\Users\Artemizer\Desktop\2 сем. Прог. инж\Лаба3\lab_03\workspace.dsl
17:14:58.866 [ForkJoinPool.commonPool-worker-1] DEBUG d.s.c.ls.model.C4DocumentManager - onEndContext: workspace.dsl at linenumber 50, contextId: 1350879328, contextName ModelDslContext
17:14:58.867 [ForkJoinPool.commonPool-worker-1] DEBUG d.s.c.ls.model.C4DocumentManager - getModel file: c:\Users\Artemizer\Desktop\2 сем. Прог. инж\Лаба3\lab_03\workspace.dsl
17:14:58.870 [ForkJoinPool.commonPool-worker-1] DEBUG d.s.c.ls.model.C4DocumentManager - onStartContext: workspace.dsl at linenumber 52, contextId: 1954245605, contextName ViewsDslContext
17:14:58.871 [ForkJoinPool.commonPool-worker-1] DEBUG d.s.c.ls.model.C4DocumentManager - getModel file: c:\Users\Artemizer\Desktop\2 сем. Прог. инж\Лаба3\lab_03\workspace.dsl
17:14:58.902 [ForkJoinPool.commonPool-worker-1] DEBUG d.s.c.ls.model.C4DocumentManager - onParsedView View: context at linenumber workspace.dsl, 55
17:14:58.902 [ForkJoinPool.commonPool-worker-1] DEBUG d.s.c.ls.model.C4DocumentManager - getModel file: c:\Users\Artemizer\Desktop\2 сем. Прог. инж\Лаба3\lab_03\workspace.dsl
17:14:58.902 [ForkJoinPool.commonPool-worker-1] DEBUG d.s.c.ls.model.C4DocumentManager - onStartContext: workspace.dsl at linenumber 55, contextId: 1899914209, contextName SystemContextViewDslContext
17:14:58.903 [ForkJoinPool.commonPool-worker-1] DEBUG d.s.c.ls.model.C4DocumentManager - getModel file: c:\Users\Artemizer\Desktop\2 сем. Прог. инж\Лаба3\lab_03\workspace.dsl
17:14:58.922 [ForkJoinPool.commonPool-worker-1] DEBUG d.s.c.ls.model.C4DocumentManager - onEndContext: workspace.dsl at linenumber 58, contextId: 1899914209, contextName SystemContextViewDslContext
17:14:58.922 [ForkJoinPool.commonPool-worker-1] DEBUG d.s.c.ls.model.C4DocumentManager - getModel file: c:\Users\Artemizer\Desktop\2 сем. Прог. инж\Лаба3\lab_03\workspace.dsl
17:14:58.926 [ForkJoinPool.commonPool-worker-1] DEBUG d.s.c.ls.model.C4DocumentManager - onParsedView View: c2 at linenumber workspace.dsl, 60
17:14:58.927 [ForkJoinPool.commonPool-worker-1] DEBUG d.s.c.ls.model.C4DocumentManager - getModel file: c:\Users\Artemizer\Desktop\2 сем. Прог. инж\Лаба3\lab_03\workspace.dsl
17:14:58.927 [ForkJoinPool.commonPool-worker-1] DEBUG d.s.c.ls.model.C4DocumentManager - onStartContext: workspace.dsl at linenumber 60, contextId: 1124625193, contextName ContainerViewDslContext
17:14:58.927 [ForkJoinPool.commonPool-worker-1] DEBUG d.s.c.ls.model.C4DocumentManager - getModel file: c:\Users\Artemizer\Desktop\2 сем. Прог. инж\Лаба3\lab_03\workspace.dsl
17:14:58.934 [ForkJoinPool.commonPool-worker-1] DEBUG d.s.c.ls.model.C4DocumentManager - onEndContext: workspace.dsl at linenumber 63, contextId: 1124625193, contextName ContainerViewDslContext
17:14:58.934 [ForkJoinPool.commonPool-worker-1] DEBUG d.s.c.ls.model.C4DocumentManager - getModel file: c:\Users\Artemizer\Desktop\2 сем. Прог. инж\Лаба3\lab_03\workspace.dsl
17:14:58.940 [ForkJoinPool.commonPool-worker-1] DEBUG d.s.c.ls.model.C4DocumentManager - onParsedView View: c3 at linenumber workspace.dsl, 65
17:14:58.941 [ForkJoinPool.commonPool-worker-1] DEBUG d.s.c.ls.model.C4DocumentManager - getModel file: c:\Users\Artemizer\Desktop\2 сем. Прог. инж\Лаба3\lab_03\workspace.dsl
17:14:58.941 [ForkJoinPool.commonPool-worker-1] DEBUG d.s.c.ls.model.C4DocumentManager - onStartContext: workspace.dsl at linenumber 65, contextId: 643334622, contextName ComponentViewDslContext
17:14:58.943 [ForkJoinPool.commonPool-worker-1] DEBUG d.s.c.ls.model.C4DocumentManager - getModel file: c:\Users\Artemizer\Desktop\2 сем. Прог. инж\Лаба3\lab_03\workspace.dsl
17:14:58.955 [ForkJoinPool.commonPool-worker-1] DEBUG d.s.c.ls.model.C4DocumentManager - onEndContext: workspace.dsl at linenumber 68, contextId: 643334622, contextName ComponentViewDslContext
17:14:58.956 [ForkJoinPool.commonPool-worker-1] DEBUG d.s.c.ls.model.C4DocumentManager - getModel file: c:\Users\Artemizer\Desktop\2 сем. Прог. инж\Лаба3\lab_03\workspace.dsl
17:14:58.966 [ForkJoinPool.commonPool-worker-1] DEBUG d.s.c.ls.model.C4DocumentManager - onParsedView View: SampleOfWorking at linenumber workspace.dsl, 70
17:14:58.967 [ForkJoinPool.commonPool-worker-1] DEBUG d.s.c.ls.model.C4DocumentManager - getModel file: c:\Users\Artemizer\Desktop\2 сем. Прог. инж\Лаба3\lab_03\workspace.dsl
17:14:58.968 [ForkJoinPool.commonPool-worker-1] DEBUG d.s.c.ls.model.C4DocumentManager - onStartContext: workspace.dsl at linenumber 70, contextId: 1666903967, contextName DynamicViewDslContext
17:14:58.968 [ForkJoinPool.commonPool-worker-1] DEBUG d.s.c.ls.model.C4DocumentManager - getModel file: c:\Users\Artemizer\Desktop\2 сем. Прог. инж\Лаба3\lab_03\workspace.dsl
17:14:58.972 [ForkJoinPool.commonPool-worker-1] DEBUG d.s.c.ls.model.C4DocumentManager - onEndContext: workspace.dsl at linenumber 74, contextId: 1666903967, contextName DynamicViewDslContext
17:14:58.973 [ForkJoinPool.commonPool-worker-1] DEBUG d.s.c.ls.model.C4DocumentManager - getModel file: c:\Users\Artemizer\Desktop\2 сем. Прог. инж\Лаба3\lab_03\workspace.dsl
17:14:58.973 [ForkJoinPool.commonPool-worker-1] DEBUG d.s.c.ls.model.C4DocumentManager - onEndContext: workspace.dsl at linenumber 75, contextId: 1954245605, contextName ViewsDslContext
17:14:58.973 [ForkJoinPool.commonPool-worker-1] DEBUG d.s.c.ls.model.C4DocumentManager - getModel file: c:\Users\Artemizer\Desktop\2 сем. Прог. инж\Лаба3\lab_03\workspace.dsl
17:14:58.975 [ForkJoinPool.commonPool-worker-1] DEBUG d.s.c.ls.model.C4DocumentManager - onEndContext: workspace.dsl at linenumber 76, contextId: 1707829619, contextName WorkspaceDslContext
17:14:58.976 [ForkJoinPool.commonPool-worker-1] DEBUG d.s.c.ls.model.C4DocumentManager - getModel file: c:\Users\Artemizer\Desktop\2 сем. Прог. инж\Лаба3\lab_03\workspace.dsl
17:14:58.976 [ForkJoinPool.commonPool-worker-1] DEBUG d.s.c.ls.model.C4DocumentManager - Parsing finished
17:14:58.979 [ForkJoinPool.commonPool-worker-1] DEBUG d.s.c4dsl.ls.model.C4DocumentModel - setWorkspace Artemizer's Marketplace
17:14:58.981 [ForkJoinPool.commonPool-worker-1] DEBUG d.s.c4dsl.ls.model.C4DocumentModel - setValid true
17:14:58.982 [ForkJoinPool.commonPool-worker-1] INFO  d.s.c.l.s.C4TextDocumentService - <-- getDiagnostics
17:14:58.982 [ForkJoinPool.commonPool-worker-2] DEBUG d.s.c.ls.model.C4DocumentManager - getModel file: c:\Users\Artemizer\Desktop\2 сем. Прог. инж\Лаба3\lab_03\workspace.dsl
17:14:58.982 [ForkJoinPool.commonPool-worker-3] DEBUG d.s.c.ls.model.C4DocumentManager - getModel file: c:\Users\Artemizer\Desktop\2 сем. Прог. инж\Лаба3\lab_03\workspace.dsl
17:14:58.982 [ForkJoinPool.commonPool-worker-4] DEBUG d.s.c.ls.model.C4DocumentManager - getModel file: c:\Users\Artemizer\Desktop\2 сем. Прог. инж\Лаба3\lab_03\workspace.dsl
17:14:58.982 [ForkJoinPool.commonPool-worker-3] INFO  d.s.c.l.s.C4TextDocumentService - <-- getDocument
17:14:58.982 [ForkJoinPool.commonPool-worker-2] INFO  d.s.c.l.s.C4TextDocumentService - <-- getDocument
17:14:58.982 [ForkJoinPool.commonPool-worker-4] INFO  d.s.c.l.s.C4TextDocumentService - <-- getDocument
17:14:58.984 [ForkJoinPool.commonPool-worker-2] DEBUG d.s.c.ls.provider.C4ColorProvider - calcDocumentColors file:/c:/Users/Artemizer/Desktop/2%20сем.%20Прог.%20инж/Лаба3/lab_03/workspace.dsl
17:14:58.986 [ForkJoinPool.commonPool-worker-2] DEBUG d.s.c.ls.provider.C4ColorProvider -                    []
17:14:59.010 [ForkJoinPool.commonPool-worker-4] DEBUG d.s.c.l.p.C4SemanticTokenProvider - Semantik Tokens at [33, 8, 6, 14, 0, 0, 22, 5, 14, 0, 1, 8, 6, 14, 0, 0, 22, 8, 14, 0, 1, 8, 6, 14, 0, 0, 22, 8, 14, 0, 1, 8, 6, 14, 0, 0, 22, 7, 14, 0, 1, 8, 6, 14, 0, 0, 22, 7, 14, 0, 3, 20, 5, 14, 0, 0, 0, 5, 14, 0, 1, 20, 5, 14, 0, 0, 0, 5, 14, 0, 1, 20, 5, 14, 0, 0, 0, 5, 14, 0, 1, 20, 8, 14, 0, 0, 0, 8, 14, 0, 1, 20, 8, 14, 0, 0, 0, 8, 14, 0, 1, 20, 7, 14, 0, 0, 0, 7, 14, 0, 1, 20, 7, 14, 0, 0, 0, 7, 14, 0, 8, 22, 11, 14, 0, 5, 18, 11, 14, 0, 5, 30, 2, 14, 0, 5, 16, 11, 14, 0]
17:15:21.592 [pool-1-thread-1] INFO  d.s.c.l.s.C4TextDocumentService - didClose file:///c%3A/Users/Artemizer/Desktop/2%20%D1%81%D0%B5%D0%BC.%20%D0%9F%D1%80%D0%BE%D0%B3.%20%D0%B8%D0%BD%D0%B6/%D0%9B%D0%B0%D0%B1%D0%B03/lab_03/workspace.dsl
17:15:39.937 [main] INFO  d.s.c.ls.C4LanguageServerLauncher - Launching C4LanguageServer finished
